<?xml version="1.0" encoding="UTF-8"?>
<!-- Generated by org.testng.reporters.JUnitXMLReporter -->
<testsuite ignored="0" hostname="LAPTOP-0SIEQ14H" failures="0" tests="4" name="Test2" time="0.063" errors="0" timestamp="2019-09-24T06:14:06 MDT">
  <testcase classname="edu.wgu.external.web.TestNGGroupsDemo" name="test1" time="0.009"/>
  <testcase classname="edu.wgu.external.web.TestNGGroupsDemo" name="test2" time="0.001"/>
  <testcase classname="edu.wgu.external.web.TestNGGroupsDemo" name="test3" time="0.01"/>
  <testcase classname="edu.wgu.external.web.TestNGGroupsDemo" name="test4" time="0.002"/>
</testsuite> <!-- Test2 -->
