<?xml version="1.0" encoding="UTF-8"?>
<!-- Generated by org.testng.reporters.JUnitXMLReporter -->
<testsuite ignored="2" hostname="LAPTOP-0SIEQ14H" failures="0" tests="2" name="Test3" time="0.055" errors="0" timestamp="2019-09-24T05:49:13 MDT">
  <testcase classname="edu.wgu.external.web.TestNGGroupsDemo" name="test2" time="0.01"/>
  <testcase classname="edu.wgu.external.web.TestNGGroupsDemo" name="test3" time="0.001"/>
  <testcase classname="edu.wgu.external.web.TestNGGroupsDemo" name="test4" time="0.0">
    <ignored/>
  </testcase> <!-- test4 -->
  <testcase classname="edu.wgu.external.web.TestNGGroupsDemo" name="test1" time="0.0">
    <ignored/>
  </testcase> <!-- test1 -->
</testsuite> <!-- Test3 -->
