<?xml version="1.0" encoding="UTF-8"?>
<testng-results ignored="0" total="1" passed="1" failed="0" skipped="0">
  <reporter-output>
  </reporter-output>
  <suite started-at="2019-10-18T17:35:57 MDT" name="Default suite" finished-at="2019-10-18T17:36:26 MDT" duration-ms="28744">
    <groups>
    </groups>
    <test started-at="2019-10-18T17:35:57 MDT" name="Default test" finished-at="2019-10-18T17:36:26 MDT" duration-ms="28744">
      <class name="edu.wgu.external.web.WguLandingPageTestNG">
        <test-method is-config="true" signature="setBrowserConfig()[pri:0, instance:edu.wgu.external.web.WguLandingPageTestNG@3337d04c]" started-at="2019-10-18T17:35:57 MDT" name="setBrowserConfig" finished-at="2019-10-18T17:36:07 MDT" duration-ms="10376" status="PASS">
          <reporter-output>
          </reporter-output>
        </test-method> <!-- setBrowserConfig -->
        <test-method signature="testRun()[pri:1, instance:edu.wgu.external.web.WguLandingPageTestNG@3337d04c]" started-at="2019-10-18T17:36:07 MDT" name="testRun" finished-at="2019-10-18T17:36:25 MDT" duration-ms="17343" status="PASS">
          <reporter-output>
          </reporter-output>
        </test-method> <!-- testRun -->
        <test-method is-config="true" signature="tearDownTest()[pri:0, instance:edu.wgu.external.web.WguLandingPageTestNG@3337d04c]" started-at="2019-10-18T17:36:25 MDT" name="tearDownTest" finished-at="2019-10-18T17:36:26 MDT" duration-ms="892" status="PASS">
          <reporter-output>
          </reporter-output>
        </test-method> <!-- tearDownTest -->
      </class> <!-- edu.wgu.external.web.WguLandingPageTestNG -->
    </test> <!-- Default test -->
  </suite> <!-- Default suite -->
</testng-results>
